15:48:43.578 [main] DEBUG org.testng.TestNG - suiteXmlPath: "C:\Users\patel\eclipse-workspace\OpenCart\master.xml"
15:48:43.882 [main] INFO  org.testng.internal.Utils - [TestNG] Running:
  C:\Users\patel\eclipse-workspace\OpenCart\master.xml

15:48:48.238 [main] INFO  testcases.TC_004_SearchProductTest -  Starting TC_004_SearchProductTest 
15:48:49.202 [main] INFO  testcases.TC_004_SearchProductTest -  Finished TC_004_SearchProductTest 
15:48:53.337 [main] INFO  testcases.TC_005_AddToCartPage -  Starting TC_005_AddToCartPage test 
15:48:55.591 [main] INFO  testcases.TC_005_AddToCartPage -  Finished TC_005_AddToCartPage test 
15:51:49.462 [main] DEBUG org.testng.TestNG - suiteXmlPath: "C:\Users\patel\eclipse-workspace\OpenCart\grouping.xml"
15:51:49.788 [main] INFO  org.testng.internal.Utils - [TestNG] Running:
  C:\Users\patel\eclipse-workspace\OpenCart\grouping.xml

15:51:54.273 [main] INFO  testcases.TC_001_AccountRegistrationTest - ****** TC_001_AccountRegistrationTest started ******
15:51:54.375 [main] INFO  testcases.TC_001_AccountRegistrationTest - clicked on MyAccount
15:51:55.143 [main] INFO  testcases.TC_001_AccountRegistrationTest - clicked on register
15:51:55.155 [main] INFO  testcases.TC_001_AccountRegistrationTest - entering user info....
15:51:56.577 [main] INFO  testcases.TC_001_AccountRegistrationTest - clicked on continue button....
15:51:56.621 [main] INFO  testcases.TC_001_AccountRegistrationTest - Validating expected message..
15:51:56.621 [main] INFO  testcases.TC_001_AccountRegistrationTest - test passed...
15:51:56.627 [main] INFO  testcases.TC_001_AccountRegistrationTest - ****** TC_001_AccountRegistrationTest finished ******
15:52:00.639 [main] INFO  testcases.TC_002_LoginTest - ***** Starting TC_002_LoginTest ***** 
15:52:00.639 [main] DEBUG testcases.TC_002_LoginTest - capturing application debug logs...
15:52:00.733 [main] INFO  testcases.TC_002_LoginTest - clicked on MyAccount link on the home page..
15:52:01.179 [main] INFO  testcases.TC_002_LoginTest - clicked on Login link under my account..
15:52:01.190 [main] INFO  testcases.TC_002_LoginTest - Entering valid email and password
15:52:02.410 [main] INFO  testcases.TC_002_LoginTest - clicked on login button
15:52:02.462 [main] INFO  testcases.TC_002_LoginTest - Login test passed....
15:52:02.462 [main] INFO  testcases.TC_002_LoginTest - ***** Finished TC_002_LoginTest *****
15:53:50.560 [main] DEBUG org.testng.TestNG - suiteXmlPath: "C:\Users\patel\eclipse-workspace\OpenCart\final.xml"
15:53:55.595 [main] INFO  testcases.TC_001_AccountRegistrationTest - ****** TC_001_AccountRegistrationTest started ******
15:53:55.727 [main] INFO  testcases.TC_001_AccountRegistrationTest - clicked on MyAccount
15:53:56.494 [main] INFO  testcases.TC_001_AccountRegistrationTest - clicked on register
15:53:56.514 [main] INFO  testcases.TC_001_AccountRegistrationTest - entering user info....
15:53:58.026 [main] INFO  testcases.TC_001_AccountRegistrationTest - clicked on continue button....
15:53:58.096 [main] INFO  testcases.TC_001_AccountRegistrationTest - Validating expected message..
15:53:58.096 [main] INFO  testcases.TC_001_AccountRegistrationTest - test passed...
15:53:58.105 [main] INFO  testcases.TC_001_AccountRegistrationTest - ****** TC_001_AccountRegistrationTest finished ******
15:54:02.127 [main] INFO  testcases.TC_002_LoginTest - ***** Starting TC_002_LoginTest ***** 
15:54:02.127 [main] DEBUG testcases.TC_002_LoginTest - capturing application debug logs...
15:54:02.226 [main] INFO  testcases.TC_002_LoginTest - clicked on MyAccount link on the home page..
15:54:02.844 [main] INFO  testcases.TC_002_LoginTest - clicked on Login link under my account..
15:54:02.852 [main] INFO  testcases.TC_002_LoginTest - Entering valid email and password
15:54:03.983 [main] INFO  testcases.TC_002_LoginTest - clicked on login button
15:54:04.040 [main] INFO  testcases.TC_002_LoginTest - Login test passed....
15:54:04.040 [main] INFO  testcases.TC_002_LoginTest - ***** Finished TC_002_LoginTest *****
